Determining if the pthread_create exist failed with the following output:
Change Dir: /home/ubuntu/Documents/trinity_ros_ws/build/CMakeFiles/CMakeTmp

Run Build Command:"/usr/bin/make" "cmTC_2d88c/fast"
/usr/bin/make -f CMakeFiles/cmTC_2d88c.dir/build.make CMakeFiles/cmTC_2d88c.dir/build
make[1]: Entering directory '/home/ubuntu/Documents/trinity_ros_ws/build/CMakeFiles/CMakeTmp'
Building C object CMakeFiles/cmTC_2d88c.dir/CheckSymbolExists.c.o
/usr/bin/cc     -o CMakeFiles/cmTC_2d88c.dir/CheckSymbolExists.c.o   -c /home/ubuntu/Documents/trinity_ros_ws/build/CMakeFiles/CMakeTmp/CheckSymbolExists.c
Linking C executable cmTC_2d88c
/usr/bin/cmake -E cmake_link_script CMakeFiles/cmTC_2d88c.dir/link.txt --verbose=1
/usr/bin/cc       CMakeFiles/cmTC_2d88c.dir/CheckSymbolExists.c.o  -o cmTC_2d88c -rdynamic 
CMakeFiles/cmTC_2d88c.dir/CheckSymbolExists.c.o: In function `main':
CheckSymbolExists.c:(.text+0xe): undefined reference to `pthread_create'
CheckSymbolExists.c:(.text+0x12): undefined reference to `pthread_create'
collect2: error: ld returned 1 exit status
CMakeFiles/cmTC_2d88c.dir/build.make:97: recipe for target 'cmTC_2d88c' failed
make[1]: *** [cmTC_2d88c] Error 1
make[1]: Leaving directory '/home/ubuntu/Documents/trinity_ros_ws/build/CMakeFiles/CMakeTmp'
Makefile:126: recipe for target 'cmTC_2d88c/fast' failed
make: *** [cmTC_2d88c/fast] Error 2

File /home/ubuntu/Documents/trinity_ros_ws/build/CMakeFiles/CMakeTmp/CheckSymbolExists.c:
/* */
#include <pthread.h>

int main(int argc, char** argv)
{
  (void)argv;
#ifndef pthread_create
  return ((int*)(&pthread_create))[argc];
#else
  (void)argc;
  return 0;
#endif
}

Determining if the function pthread_create exists in the pthreads failed with the following output:
Change Dir: /home/ubuntu/Documents/trinity_ros_ws/build/CMakeFiles/CMakeTmp

Run Build Command:"/usr/bin/make" "cmTC_4216c/fast"
/usr/bin/make -f CMakeFiles/cmTC_4216c.dir/build.make CMakeFiles/cmTC_4216c.dir/build
make[1]: Entering directory '/home/ubuntu/Documents/trinity_ros_ws/build/CMakeFiles/CMakeTmp'
Building C object CMakeFiles/cmTC_4216c.dir/CheckFunctionExists.c.o
/usr/bin/cc    -DCHECK_FUNCTION_EXISTS=pthread_create   -o CMakeFiles/cmTC_4216c.dir/CheckFunctionExists.c.o   -c /usr/share/cmake-3.5/Modules/CheckFunctionExists.c
Linking C executable cmTC_4216c
/usr/bin/cmake -E cmake_link_script CMakeFiles/cmTC_4216c.dir/link.txt --verbose=1
/usr/bin/cc   -DCHECK_FUNCTION_EXISTS=pthread_create    CMakeFiles/cmTC_4216c.dir/CheckFunctionExists.c.o  -o cmTC_4216c -rdynamic -lpthreads 
/usr/bin/ld: cannot find -lpthreads
collect2: error: ld returned 1 exit status
CMakeFiles/cmTC_4216c.dir/build.make:97: recipe for target 'cmTC_4216c' failed
make[1]: *** [cmTC_4216c] Error 1
make[1]: Leaving directory '/home/ubuntu/Documents/trinity_ros_ws/build/CMakeFiles/CMakeTmp'
Makefile:126: recipe for target 'cmTC_4216c/fast' failed
make: *** [cmTC_4216c/fast] Error 2


